<?xml version="1.0" encoding="UTF-8"?>
<testsuite xmlns:xsi="http://www.w3.org/2001/XMLSchema-instance" xsi:noNamespaceSchemaLocation="https://maven.apache.org/surefire/maven-surefire-plugin/xsd/surefire-test-report.xsd" name="com.yourcompany.model.ContactTest" time="0.134" tests="3" errors="0" skipped="0" failures="1">
  <properties>
[...]
</properties>
  <testcase name="testFailureScenario" classname="com.yourcompany.model.ContactTest" time="0.121">
    <failure message="&#10;expected: &quot;wrong.email@example.com&quot;&#10; but was: &quot;fake.email@example.com&quot;" type="org.opentest4j.AssertionFailedError">org.opentest4j.AssertionFailedError: 

expected: "wrong.email@example.com"
 but was: "fake.email@example.com"
	at com.yourcompany.model.ContactTest.testFailureScenario(ContactTest.java:39)
</failure>
  </testcase>
  <testcase name="testContactUpdate" classname="com.yourcompany.model.ContactTest" time="0"/>
  <testcase name="testContactCreation" classname="com.yourcompany.model.ContactTest" time="0"/>
</testsuite>